<?xml version="1.0" encoding="UTF-8"?>
<!-- Generated by org.testng.reporters.JUnitXMLReporter -->
<testsuite ignored="1" hostname="VPC-BKALLE" failures="1" tests="1" name="Default test(failed)" time="2.945" errors="0" timestamp="2020-04-05T01:21:36 EDT">
  <testcase classname="CORE.MessagingService.SendCustomerClassEnrollmentConfirmationEmailTest" name="InvalidEnrollmentId" time="2.242">
    <failure type="java.lang.AssertionError" message="expected [Sequence Contains no elements] but found [Sequence contains no elements]">
      <![CDATA[java.lang.AssertionError: expected [Sequence Contains no elements] but found [Sequence contains no elements]
at CORE.MessagingService.SendCustomerClassEnrollmentConfirmationEmailTest.InvalidEnrollmentId(SendCustomerClassEnrollmentConfirmationEmailTest.java:67)
at java.base/java.util.ArrayList.forEach(ArrayList.java:1540)
... Removed 32 stack frames]]>
    </failure>
  </testcase> <!-- InvalidEnrollmentId -->
  <testcase classname="CORE.MessagingService.SendCustomerClassEnrollmentConfirmationEmailTest" name="SendCustomerClassEnrollmentConfirmationEmail" time="0.0">
    <ignored/>
  </testcase> <!-- SendCustomerClassEnrollmentConfirmationEmail -->
</testsuite> <!-- Default test(failed) -->
